-------------------------------------------------------------------------------
Test set: guru.springframework.sfgpetclinic.service.map.OwnerServiceMapTest
-------------------------------------------------------------------------------
Tests run: 6, Failures: 1, Errors: 0, Skipped: 0, Time elapsed: 0.005 s <<< FAILURE! - in guru.springframework.sfgpetclinic.service.map.OwnerServiceMapTest
findByLastName  Time elapsed: 0.001 s  <<< FAILURE!
org.opentest4j.AssertionFailedError: expected: not <null>
	at guru.springframework.sfgpetclinic.service.map.OwnerServiceMapTest.findByLastName(OwnerServiceMapTest.java:65)

