-------------------------------------------------------------------------------
Test set: guru.springframework.sfgpetclinic.model.PersonTest
-------------------------------------------------------------------------------
Tests run: 1, Failures: 0, Errors: 1, Skipped: 0, Time elapsed: 0.311 s <<< FAILURE! - in guru.springframework.sfgpetclinic.model.PersonTest
guru.springframework.sfgpetclinic.model.PersonTest  Time elapsed: 0.31 s  <<< ERROR!
java.lang.IllegalStateException: Unable to find a @SpringBootConfiguration, you need to use @ContextConfiguration or @SpringBootTest(classes=...) with your test

